{"C:\\Users\\suric\\Documents\\GitHub\\Horaire-Magasin\\public\\use.api.script.js": {"path":"C:\\Users\\suric\\Documents\\GitHub\\Horaire-Magasin\\public\\use.api.script.js","statementMap":{"0":{"start":{"line":2,"column":22},"end":{"line":2,"column":40}},"1":{"start":{"line":3,"column":16},"end":{"line":3,"column":83}},"2":{"start":{"line":4,"column":4},"end":{"line":14,"column":5}},"3":{"start":{"line":5,"column":25},"end":{"line":5,"column":41}},"4":{"start":{"line":6,"column":8},"end":{"line":8,"column":9}},"5":{"start":{"line":7,"column":12},"end":{"line":7,"column":70}},"6":{"start":{"line":9,"column":21},"end":{"line":9,"column":42}},"7":{"start":{"line":10,"column":8},"end":{"line":10,"column":27}},"8":{"start":{"line":12,"column":8},"end":{"line":12,"column":39}},"9":{"start":{"line":13,"column":8},"end":{"line":13,"column":20}},"10":{"start":{"line":18,"column":22},"end":{"line":18,"column":40}},"11":{"start":{"line":19,"column":16},"end":{"line":19,"column":90}},"12":{"start":{"line":20,"column":4},"end":{"line":30,"column":5}},"13":{"start":{"line":21,"column":25},"end":{"line":21,"column":41}},"14":{"start":{"line":22,"column":8},"end":{"line":24,"column":9}},"15":{"start":{"line":23,"column":12},"end":{"line":23,"column":70}},"16":{"start":{"line":25,"column":21},"end":{"line":25,"column":42}},"17":{"start":{"line":26,"column":8},"end":{"line":26,"column":42}},"18":{"start":{"line":28,"column":8},"end":{"line":28,"column":39}},"19":{"start":{"line":29,"column":8},"end":{"line":29,"column":20}},"20":{"start":{"line":34,"column":21},"end":{"line":36,"column":5}},"21":{"start":{"line":37,"column":4},"end":{"line":50,"column":5}},"22":{"start":{"line":38,"column":25},"end":{"line":42,"column":10}},"23":{"start":{"line":43,"column":8},"end":{"line":45,"column":9}},"24":{"start":{"line":44,"column":12},"end":{"line":44,"column":70}},"25":{"start":{"line":46,"column":8},"end":{"line":46,"column":37}},"26":{"start":{"line":48,"column":8},"end":{"line":48,"column":39}},"27":{"start":{"line":49,"column":8},"end":{"line":49,"column":20}},"28":{"start":{"line":53,"column":0},"end":{"line":67,"column":1}},"29":{"start":{"line":54,"column":4},"end":{"line":54,"column":68}},"30":{"start":{"line":56,"column":4},"end":{"line":66,"column":7}},"31":{"start":{"line":57,"column":8},"end":{"line":65,"column":9}},"32":{"start":{"line":58,"column":24},"end":{"line":58,"column":34}},"33":{"start":{"line":59,"column":12},"end":{"line":59,"column":135}},"34":{"start":{"line":60,"column":12},"end":{"line":60,"column":122}},"35":{"start":{"line":62,"column":12},"end":{"line":62,"column":57}},"36":{"start":{"line":63,"column":12},"end":{"line":63,"column":86}},"37":{"start":{"line":64,"column":12},"end":{"line":64,"column":98}}},"fnMap":{"0":{"name":"IsOpenOn","decl":{"start":{"line":1,"column":15},"end":{"line":1,"column":23}},"loc":{"start":{"line":1,"column":30},"end":{"line":15,"column":1}},"line":1},"1":{"name":"NextOpeningDate","decl":{"start":{"line":17,"column":15},"end":{"line":17,"column":30}},"loc":{"start":{"line":17,"column":37},"end":{"line":31,"column":1}},"line":17},"2":{"name":"SetOpeningHours","decl":{"start":{"line":33,"column":15},"end":{"line":33,"column":30}},"loc":{"start":{"line":33,"column":66},"end":{"line":51,"column":1}},"line":33},"3":{"name":"(anonymous_3)","decl":{"start":{"line":56,"column":50},"end":{"line":56,"column":51}},"loc":{"start":{"line":56,"column":62},"end":{"line":66,"column":5}},"line":56}},"branchMap":{"0":{"loc":{"start":{"line":6,"column":8},"end":{"line":8,"column":9}},"type":"if","locations":[{"start":{"line":6,"column":8},"end":{"line":8,"column":9}},{"start":{},"end":{}}],"line":6},"1":{"loc":{"start":{"line":22,"column":8},"end":{"line":24,"column":9}},"type":"if","locations":[{"start":{"line":22,"column":8},"end":{"line":24,"column":9}},{"start":{},"end":{}}],"line":22},"2":{"loc":{"start":{"line":33,"column":36},"end":{"line":33,"column":50}},"type":"default-arg","locations":[{"start":{"line":33,"column":48},"end":{"line":33,"column":50}}],"line":33},"3":{"loc":{"start":{"line":33,"column":52},"end":{"line":33,"column":64}},"type":"default-arg","locations":[{"start":{"line":33,"column":62},"end":{"line":33,"column":64}}],"line":33},"4":{"loc":{"start":{"line":43,"column":8},"end":{"line":45,"column":9}},"type":"if","locations":[{"start":{"line":43,"column":8},"end":{"line":45,"column":9}},{"start":{},"end":{}}],"line":43},"5":{"loc":{"start":{"line":53,"column":0},"end":{"line":67,"column":1}},"type":"if","locations":[{"start":{"line":53,"column":0},"end":{"line":67,"column":1}},{"start":{"line":55,"column":7},"end":{"line":67,"column":1}}],"line":53},"6":{"loc":{"start":{"line":53,"column":4},"end":{"line":53,"column":51}},"type":"binary-expr","locations":[{"start":{"line":53,"column":4},"end":{"line":53,"column":33}},{"start":{"line":53,"column":37},"end":{"line":53,"column":51}}],"line":53},"7":{"loc":{"start":{"line":59,"column":62},"end":{"line":59,"column":134}},"type":"cond-expr","locations":[{"start":{"line":59,"column":84},"end":{"line":59,"column":108}},{"start":{"line":59,"column":111},"end":{"line":59,"column":134}}],"line":59}},"s":{"0":1,"1":1,"2":1,"3":1,"4":1,"5":0,"6":1,"7":1,"8":0,"9":0,"10":0,"11":0,"12":0,"13":0,"14":0,"15":0,"16":0,"17":0,"18":0,"19":0,"20":0,"21":0,"22":0,"23":0,"24":0,"25":0,"26":0,"27":0,"28":1,"29":1,"30":0,"31":0,"32":0,"33":0,"34":0,"35":0,"36":0,"37":0},"f":{"0":1,"1":0,"2":0,"3":0},"b":{"0":[0,1],"1":[0,0],"2":[0],"3":[0],"4":[0,0],"5":[1,0],"6":[1,1],"7":[0,0]},"_coverageSchema":"1a1c01bbd47fc00a2c39e90264f33305004495a9","hash":"9a917d02cbd34bdcf8ba61cb82ce9ef4dd76bf64"}
}
