TN:
SF:public\use.api.script.js
FN:1,IsOpenOn
FN:17,NextOpeningDate
FN:33,SetOpeningHours
FN:56,(anonymous_3)
FNF:4
FNH:1
FNDA:1,IsOpenOn
FNDA:0,NextOpeningDate
FNDA:0,SetOpeningHours
FNDA:0,(anonymous_3)
DA:2,1
DA:3,1
DA:4,1
DA:5,1
DA:6,1
DA:7,0
DA:9,1
DA:10,1
DA:12,0
DA:13,0
DA:18,0
DA:19,0
DA:20,0
DA:21,0
DA:22,0
DA:23,0
DA:25,0
DA:26,0
DA:28,0
DA:29,0
DA:34,0
DA:37,0
DA:38,0
DA:43,0
DA:44,0
DA:46,0
DA:48,0
DA:49,0
DA:53,1
DA:54,1
DA:56,0
DA:57,0
DA:58,0
DA:59,0
DA:60,0
DA:62,0
DA:63,0
DA:64,0
LF:38
LH:9
BRDA:6,0,0,0
BRDA:6,0,1,1
BRDA:22,1,0,0
BRDA:22,1,1,0
BRDA:33,2,0,0
BRDA:33,3,0,0
BRDA:43,4,0,0
BRDA:43,4,1,0
BRDA:53,5,0,1
BRDA:53,5,1,0
BRDA:53,6,0,1
BRDA:53,6,1,1
BRDA:59,7,0,0
BRDA:59,7,1,0
BRF:14
BRH:4
end_of_record
